<?xml version="1.0" encoding="UTF-8"?>
<testsuites>
  <testsuite name="" tests="9" assertions="9" errors="0" warnings="0" failures="0" skipped="0" time="0.150818">
    <testsuite name="Questions" tests="9" assertions="9" errors="0" warnings="0" failures="0" skipped="0" time="0.150818">
      <testsuite name="Tests\Station02\QuestionTest" file="/app/tests/Station02/QuestionTest.php" tests="9" assertions="9" errors="0" warnings="0" failures="0" skipped="0" time="0.150818">
        <testsuite name="Tests\Station02\QuestionTest::引数に応じた文字列を返す" tests="9" assertions="9" errors="0" warnings="0" failures="0" skipped="0" time="0.150818">
          <testcase name="引数に応じた文字列を返す with data set #0" class="Tests\Station02\QuestionTest" classname="Tests.Station02.QuestionTest" file="/app/tests/Station02/QuestionTest.php" line="24" assertions="1" time="0.150588">
            <system-out>zero
</system-out>
          </testcase>
          <testcase name="引数に応じた文字列を返す with data set #1" class="Tests\Station02\QuestionTest" classname="Tests.Station02.QuestionTest" file="/app/tests/Station02/QuestionTest.php" line="24" assertions="1" time="0.000066"/>
          <testcase name="引数に応じた文字列を返す with data set #2" class="Tests\Station02\QuestionTest" classname="Tests.Station02.QuestionTest" file="/app/tests/Station02/QuestionTest.php" line="24" assertions="1" time="0.000032"/>
          <testcase name="引数に応じた文字列を返す with data set #3" class="Tests\Station02\QuestionTest" classname="Tests.Station02.QuestionTest" file="/app/tests/Station02/QuestionTest.php" line="24" assertions="1" time="0.000026"/>
          <testcase name="引数に応じた文字列を返す with data set #4" class="Tests\Station02\QuestionTest" classname="Tests.Station02.QuestionTest" file="/app/tests/Station02/QuestionTest.php" line="24" assertions="1" time="0.000022"/>
          <testcase name="引数に応じた文字列を返す with data set #5" class="Tests\Station02\QuestionTest" classname="Tests.Station02.QuestionTest" file="/app/tests/Station02/QuestionTest.php" line="24" assertions="1" time="0.000018"/>
          <testcase name="引数に応じた文字列を返す with data set #6" class="Tests\Station02\QuestionTest" classname="Tests.Station02.QuestionTest" file="/app/tests/Station02/QuestionTest.php" line="24" assertions="1" time="0.000022"/>
          <testcase name="引数に応じた文字列を返す with data set #7" class="Tests\Station02\QuestionTest" classname="Tests.Station02.QuestionTest" file="/app/tests/Station02/QuestionTest.php" line="24" assertions="1" time="0.000017"/>
          <testcase name="引数に応じた文字列を返す with data set #8" class="Tests\Station02\QuestionTest" classname="Tests.Station02.QuestionTest" file="/app/tests/Station02/QuestionTest.php" line="24" assertions="1" time="0.000027"/>
        </testsuite>
      </testsuite>
    </testsuite>
  </testsuite>
</testsuites>
