<?xml version="1.0" encoding="UTF-8"?>
<testsuites>
  <testsuite name="/app/tests/Station06" tests="1" assertions="1" errors="0" warnings="0" failures="0" skipped="0" time="1.364872">
    <testsuite name="Tests\Station06\QuestionTest" file="/app/tests/Station06/QuestionTest.php" tests="1" assertions="1" errors="0" warnings="0" failures="0" skipped="0" time="1.364872">
      <testcase name="期待値と一致する配列を返す" class="Tests\Station06\QuestionTest" classname="Tests.Station06.QuestionTest" file="/app/tests/Station06/QuestionTest.php" line="23" assertions="1" time="1.364872">
        <system-out>Array
(
    [0] =&gt; white
    [1] =&gt; red
    [2] =&gt; blue
    [3] =&gt; yellow
)
Array
(
    [0] =&gt; white
    [1] =&gt; black
    [2] =&gt; red
    [3] =&gt; blue
    [4] =&gt; yellow
)
Array
(
    [0] =&gt; white
    [1] =&gt; black
    [2] =&gt; red
    [3] =&gt; blue
)
Array
(
    [0] =&gt; white
    [1] =&gt; black
    [2] =&gt; red
    [3] =&gt; green
    [4] =&gt; blue
)
Array
(
    [0] =&gt; white
    [1] =&gt; red
    [2] =&gt; blue
    [3] =&gt; yellow
)
Array
(
    [0] =&gt; white
    [1] =&gt; black
    [2] =&gt; red
    [3] =&gt; blue
    [4] =&gt; yellow
)
Array
(
    [0] =&gt; white
    [1] =&gt; black
    [2] =&gt; red
    [3] =&gt; blue
)
Array
(
    [0] =&gt; white
    [1] =&gt; black
    [2] =&gt; red
    [3] =&gt; green
    [4] =&gt; blue
)
</system-out>
      </testcase>
    </testsuite>
  </testsuite>
</testsuites>
